;  LST file generated by mikroListExporter - v.2.0 
; Date/Time: 11/08/2019 18:22:07
;----------------------------------------------

;Address Opcode 	ASM
0x0000	0x2816      	GOTO       22
_____DoICP:
;__Lib_System.c,6 :: 		
;__Lib_System.c,9 :: 		
0x0003	0x1283      	BCF        STATUS, 5
0x0004	0x1303      	BCF        STATUS, 6
0x0005	0x0821      	MOVF       ___DoICPAddr+1, 0
0x0006	0x008A      	MOVWF      PCLATH
;__Lib_System.c,10 :: 		
0x0007	0x0820      	MOVF       ___DoICPAddr, 0
0x0008	0x0082      	MOVWF      PCL
;__Lib_System.c,12 :: 		
0x0009	0x0008      	RETURN
; end of _____DoICP
___CC2DW:
;__Lib_System.c,24 :: 		
;__Lib_System.c,27 :: 		
_CC2D_Loop1:
;__Lib_System.c,29 :: 		
0x000A	0x2003      	CALL       _____DoICP
0x000B	0x118A      	BCF        PCLATH, 3
0x000C	0x120A      	BCF        PCLATH, 4
;__Lib_System.c,31 :: 		
0x000D	0x0080      	MOVWF      INDF
;__Lib_System.c,32 :: 		
0x000E	0x0A84      	INCF       FSR, 1
;__Lib_System.c,33 :: 		
0x000F	0x0AA0      	INCF       ___DoICPAddr, 1
;__Lib_System.c,35 :: 		
0x0010	0x1903      	BTFSC      STATUS, 2
;__Lib_System.c,36 :: 		
0x0011	0x0AA1      	INCF       ___DoICPAddr+1, 1
;__Lib_System.c,37 :: 		
0x0012	0x03F0      	DECF       R0, 1
;__Lib_System.c,39 :: 		
0x0013	0x1D03      	BTFSS      STATUS, 2
;__Lib_System.c,40 :: 		
0x0014	0x280A      	GOTO       _CC2D_Loop1
;__Lib_System.c,42 :: 		
0x0015	0x0008      	RETURN
; end of ___CC2DW
_main:
;project one.c,1 :: 		void main() {  //beginning of the program
;project one.c,2 :: 		CMCON0 = 0X07;                    //desligo os comparadores
0x0016	0x3007      	MOVLW      7
0x0017	0x1283      	BCF        STATUS, 5
0x0018	0x1303      	BCF        STATUS, 6
0x0019	0x0099      	MOVWF      CMCON0
;project one.c,3 :: 		ANSEL = 0X00;                     //desliga as saidas analogicas
0x001A	0x1683      	BSF        STATUS, 5
0x001B	0x0191      	CLRF       ANSEL
;project one.c,4 :: 		TRISA = 0B000000;                 //define todas as porta como saidas
0x001C	0x0185      	CLRF       TRISA
;project one.c,5 :: 		TRISC = 0B111111;                 //define todas as portc como entradas
0x001D	0x303F      	MOVLW      63
0x001E	0x0087      	MOVWF      TRISC
;project one.c,6 :: 		PORTA = 0;                        //porta inicia LOW
0x001F	0x1283      	BCF        STATUS, 5
0x0020	0x0185      	CLRF       PORTA
;project one.c,8 :: 		while (1)     //beginning of the infinite loop
L_main0:
;project one.c,10 :: 		if(RC0_bit ==1)             //pode ser PORTC.BO ==1
0x0021	0x1C07      	BTFSS      RC0_bit, 0
0x0022	0x2825      	GOTO       L_main2
;project one.c,12 :: 		RA0_bit = 0;               //desliga o LED
0x0023	0x1005      	BCF        RA0_bit, 0
;project one.c,13 :: 		}
0x0024	0x2833      	GOTO       L_main3
L_main2:
;project one.c,16 :: 		RA0_bit = 1;               //acendo o LED
0x0025	0x1405      	BSF        RA0_bit, 0
;project one.c,17 :: 		delay_ms(1000);             //retardo para desligar
0x0026	0x3015      	MOVLW      21
0x0027	0x00FB      	MOVWF      R11
0x0028	0x304B      	MOVLW      75
0x0029	0x00FC      	MOVWF      R12
0x002A	0x30BE      	MOVLW      190
0x002B	0x00FD      	MOVWF      R13
L_main4:
0x002C	0x0BFD      	DECFSZ     R13, 1
0x002D	0x282C      	GOTO       L_main4
0x002E	0x0BFC      	DECFSZ     R12, 1
0x002F	0x282C      	GOTO       L_main4
0x0030	0x0BFB      	DECFSZ     R11, 1
0x0031	0x282C      	GOTO       L_main4
0x0032	0x0000      	NOP
;project one.c,18 :: 		}
L_main3:
;project one.c,19 :: 		} //END LOOP
0x0033	0x2821      	GOTO       L_main0
;project one.c,20 :: 		} //END PROGRAM
0x0034	0x2834      	GOTO       $+0
; end of _main
Symbol List:
//** Routines locations **
//ADDRESS    SIZE    PROCEDURE
//----------------------------------------------
0x0003       [7]    _____DoICP
0x000A      [12]    ___CC2DW
0x0016      [31]    _main
//** Variables locations ** 
//ADDRESS    SIZE    VARIABLE
//----------------------------------------------
0x0000       [1]    INDF
0x0001       [1]    TMR0
0x0002       [1]    PCL
0x0003       [0]    NOT_PD_bit
0x0003       [0]    Z_bit
0x0003       [0]    NOT_TO_bit
0x0003       [0]    C_bit
0x0003       [0]    RP0_bit
0x0003       [1]    STATUS
0x0003       [0]    RP1_bit
0x0003       [0]    IRP_bit
0x0003       [0]    DC_bit
0x0004       [1]    FSR
0x0004       [1]    FSRPTR
0x0005       [0]    RA2_bit
0x0005       [0]    RA1_bit
0x0005       [0]    RA0_bit
0x0005       [1]    PORTA
0x0005       [0]    RA3_bit
0x0005       [0]    RA5_bit
0x0005       [0]    RA4_bit
0x0007       [0]    RC4_bit
0x0007       [0]    RC5_bit
0x0007       [0]    RC3_bit
0x0007       [1]    PORTC
0x0007       [0]    RC1_bit
0x0007       [0]    RC0_bit
0x0007       [0]    RC2_bit
0x000A       [1]    PCLATH
0x000B       [0]    PEIE_bit
0x000B       [0]    T0IE_bit
0x000B       [1]    INTCON
0x000B       [0]    GIE_bit
0x000B       [0]    INTE_bit
0x000B       [0]    INTF_bit
0x000B       [0]    RAIF_bit
0x000B       [0]    RAIE_bit
0x000B       [0]    T0IF_bit
0x000C       [0]    OSFIF_bit
0x000C       [0]    C1IF_bit
0x000C       [0]    TXIF_bit
0x000C       [0]    TMR1IF_bit
0x000C       [0]    T1IF_bit
0x000C       [0]    EEIF_bit
0x000C       [1]    PIR1
0x000C       [0]    ADIF_bit
0x000C       [0]    C2IF_bit
0x000C       [0]    RCIF_bit
0x000E       [1]    TMR1L
0x000F       [1]    TMR1H
0x0010       [0]    NOT_T1SYNC_bit
0x0010       [0]    T1OSCEN_bit
0x0010       [0]    TMR1CS_bit
0x0010       [1]    T1CON
0x0010       [0]    TMR1ON_bit
0x0010       [0]    T1CKPS0_bit
0x0010       [0]    T1CKPS1_bit
0x0010       [0]    TMR1GE_bit
0x0010       [0]    T1GINV_bit
0x0011       [1]    BAUDCTL
0x0011       [0]    SCKP_bit
0x0011       [0]    BRG16_bit
0x0011       [0]    WUE_bit
0x0011       [0]    ABDOVF_bit
0x0011       [0]    ABDEN_bit
0x0011       [0]    RCIDL_bit
0x0012       [1]    SPBRGH
0x0013       [1]    SPBRG
0x0014       [1]    RCREG
0x0015       [1]    TXREG
0x0016       [0]    SYNC_bit
0x0016       [0]    TXEN_bit
0x0016       [0]    BRGH_bit
0x0016       [0]    SENDB_bit
0x0016       [1]    TXSTA
0x0016       [0]    TX9_bit
0x0016       [0]    CSRC_bit
0x0016       [0]    TRMT_bit
0x0016       [0]    TX9D_bit
0x0017       [1]    RCSTA
0x0017       [0]    SPEN_bit
0x0017       [0]    RX9_bit
0x0017       [0]    SREN_bit
0x0017       [0]    ADDEN_bit
0x0017       [0]    FERR_bit
0x0017       [0]    RX9D_bit
0x0017       [0]    CREN_bit
0x0017       [0]    OERR_bit
0x0018       [0]    WDTPS0_bit
0x0018       [0]    SWDTEN_bit
0x0018       [0]    WDTPS1_bit
0x0018       [0]    WDTPS3_bit
0x0018       [1]    WDTCON
0x0018       [0]    WDTPS2_bit
0x0019       [0]    C1INV_bit
0x0019       [0]    CM1_bit
0x0019       [0]    CIS_bit
0x0019       [0]    CM2_bit
0x0019       [0]    CM0_bit
0x0019       [0]    C2OUT_bit
0x0019       [1]    CMCON0
0x0019       [0]    C2INV_bit
0x0019       [0]    C1OUT_bit
0x001A       [0]    T1GSS_bit
0x001A       [0]    C2SYNC_bit
0x001A       [1]    CMCON1
0x001E       [1]    ADRESH
0x001F       [0]    CHS0_bit
0x001F       [0]    CHS1_bit
0x001F       [0]    ADON_bit
0x001F       [0]    NOT_DONE_bit
0x001F       [0]    GO_bit
0x001F       [0]    GO_DONE_bit
0x001F       [0]    ADFM_bit
0x001F       [1]    ADCON0
0x001F       [0]    VCFG_bit
0x001F       [0]    CHS2_bit
0x0020       [2]    ___DoICPAddr
0x0070       [1]    R0
0x0071       [1]    R1
0x0072       [1]    R2
0x0073       [1]    R3
0x0074       [1]    R4
0x0075       [1]    R5
0x0076       [1]    R6
0x0077       [1]    R7
0x0078       [1]    R8
0x0079       [1]    R9
0x007A       [1]    R10
0x007B       [1]    R11
0x007C       [1]    R12
0x007D       [1]    R13
0x007E       [1]    R14
0x007F       [1]    R15
0x0081       [0]    PS0_bit
0x0081       [1]    OPTION_REG
0x0081       [0]    T0SE_bit
0x0081       [0]    PSA_bit
0x0081       [0]    T0CS_bit
0x0081       [0]    NOT_RAPU_bit
0x0081       [0]    INTEDG_bit
0x0081       [0]    PS1_bit
0x0081       [0]    PS2_bit
0x0085       [0]    TRISA0_bit
0x0085       [0]    TRISA3_bit
0x0085       [1]    TRISA
0x0085       [0]    TRISA5_bit
0x0085       [0]    TRISA4_bit
0x0085       [0]    TRISA2_bit
0x0085       [0]    TRISA1_bit
0x0087       [0]    TRISC2_bit
0x0087       [0]    TRISC4_bit
0x0087       [0]    TRISC3_bit
0x0087       [0]    TRISC1_bit
0x0087       [0]    TRISC0_bit
0x0087       [1]    TRISC
0x0087       [0]    TRISC5_bit
0x008C       [0]    OSFIE_bit
0x008C       [0]    TXIE_bit
0x008C       [1]    PIE1
0x008C       [0]    C1IE_bit
0x008C       [0]    ADIE_bit
0x008C       [0]    EEIE_bit
0x008C       [0]    C2IE_bit
0x008C       [0]    RCIE_bit
0x008C       [0]    T1IE_bit
0x008C       [0]    TMR1IE_bit
0x008E       [1]    PCON
0x008E       [0]    ULPWUE_bit
0x008E       [0]    NOT_POR_bit
0x008E       [0]    NOT_BOD_bit
0x008E       [0]    SBODEN_bit
0x008F       [0]    SCS_bit
0x008F       [0]    IRCF1_bit
0x008F       [0]    IRCF0_bit
0x008F       [0]    HTS_bit
0x008F       [0]    LTS_bit
0x008F       [0]    OSTS_bit
0x008F       [0]    IRCF2_bit
0x008F       [1]    OSCCON
0x0090       [0]    TUN1_bit
0x0090       [0]    TUN4_bit
0x0090       [0]    TUN3_bit
0x0090       [0]    TUN0_bit
0x0090       [0]    TUN2_bit
0x0090       [1]    OSCTUNE
0x0091       [0]    ANS2_bit
0x0091       [0]    ANS0_bit
0x0091       [0]    ANS1_bit
0x0091       [0]    ANS5_bit
0x0091       [0]    ANS7_bit
0x0091       [0]    ANS3_bit
0x0091       [0]    ANS6_bit
0x0091       [0]    ANS4_bit
0x0091       [1]    ANSEL
0x0095       [0]    WPUA5_bit
0x0095       [0]    WPUA2_bit
0x0095       [0]    WPUA4_bit
0x0095       [0]    WPUA0_bit
0x0095       [1]    WPU
0x0095       [1]    WPUA
0x0095       [0]    WPUA1_bit
0x0096       [1]    IOCA
0x0096       [1]    IOC
0x0096       [0]    IOC0_bit
0x0096       [0]    IOC1_bit
0x0096       [0]    IOCA4_bit
0x0096       [0]    IOCA5_bit
0x0096       [0]    IOC4_bit
0x0096       [0]    IOC5_bit
0x0096       [0]    IOC2_bit
0x0096       [0]    IOC3_bit
0x0096       [0]    IOCA3_bit
0x0096       [0]    IOCA0_bit
0x0096       [0]    IOCA1_bit
0x0096       [0]    IOCA2_bit
0x0097       [1]    EEDATH
0x0098       [1]    EEADRH
0x0099       [0]    VR1_bit
0x0099       [0]    VR2_bit
0x0099       [0]    VR0_bit
0x0099       [0]    VR3_bit
0x0099       [0]    VREN_bit
0x0099       [0]    VRR_bit
0x0099       [1]    VRCON
0x009A       [1]    EEDAT
0x009A       [1]    EEDATA
0x009B       [1]    EEADR
0x009C       [0]    WR_bit
0x009C       [0]    RD_bit
0x009C       [0]    WREN_bit
0x009C       [1]    EECON1
0x009C       [0]    EEPGD_bit
0x009C       [0]    WRERR_bit
0x009D       [1]    EECON2
0x009E       [1]    ADRESL
0x009F       [1]    ADCON1
0x009F       [0]    ADCS0_bit
0x009F       [0]    ADCS1_bit
0x009F       [0]    ADCS2_bit
//** Label List: ** 
//----------------------------------------------
  L_main0
  L_main1
  L_main2
  L_main3
  L_main4
  _main
  _CC2D_Loop1
  _____DoICP
  _____DoIFC
  ___CC2DW
  _Swap
