;  LST file generated by mikroListExporter - v.2.0 
; Date/Time: 2/8/2019 06:23:06
;----------------------------------------------

;Address Opcode 	ASM
0x0000	0x289F      	GOTO       159
_Mul_32x32_U:
;__Lib_Math.c,1771 :: 		
;__Lib_Math.c,1786 :: 		
0x0003	0x1283      	BCF        STATUS, 5
;__Lib_Math.c,1787 :: 		
0x0004	0x1303      	BCF        STATUS, 6
;__Lib_Math.c,1788 :: 		
0x0005	0x3022      	MOVLW      34
;__Lib_Math.c,1789 :: 		
0x0006	0x00FC      	MOVWF      R12
;__Lib_Math.c,1790 :: 		
0x0007	0x01F8      	CLRF       R8
;__Lib_Math.c,1791 :: 		
0x0008	0x01F9      	CLRF       R9
;__Lib_Math.c,1792 :: 		
0x0009	0x01FA      	CLRF       R10
;__Lib_Math.c,1793 :: 		
0x000A	0x01FB      	CLRF       R11
;__Lib_Math.c,1795 :: 		
_NEXT:
;__Lib_Math.c,1799 :: 		
0x000B	0x03FC      	DECF       R12, 1
;__Lib_Math.c,1800 :: 		
0x000C	0x1903      	BTFSC      STATUS, 2
;__Lib_Math.c,1801 :: 		
0x000D	0x2839      	GOTO       _EXIT2
;__Lib_Math.c,1802 :: 		
0x000E	0x1003      	BCF        STATUS, 0
;__Lib_Math.c,1804 :: 		
_LOOP:
;__Lib_Math.c,1813 :: 		
0x000F	0x0CFB      	RRF        R11, 1
;__Lib_Math.c,1814 :: 		
0x0010	0x0CFA      	RRF        R10, 1
;__Lib_Math.c,1815 :: 		
0x0011	0x0CF9      	RRF        R9, 1
;__Lib_Math.c,1816 :: 		
0x0012	0x0CF8      	RRF        R8, 1
;__Lib_Math.c,1817 :: 		
0x0013	0x0CF3      	RRF        R3, 1
;__Lib_Math.c,1818 :: 		
0x0014	0x0CF2      	RRF        R2, 1
;__Lib_Math.c,1819 :: 		
0x0015	0x0CF1      	RRF        R1, 1
;__Lib_Math.c,1820 :: 		
0x0016	0x0CF0      	RRF        R0, 1
;__Lib_Math.c,1825 :: 		
0x0017	0x1C03      	BTFSS      STATUS, 0
;__Lib_Math.c,1826 :: 		
0x0018	0x280B      	GOTO       _NEXT
;__Lib_Math.c,1827 :: 		
0x0019	0x03FC      	DECF       R12, 1
;__Lib_Math.c,1828 :: 		
0x001A	0x1903      	BTFSC      STATUS, 2
;__Lib_Math.c,1829 :: 		
0x001B	0x282B      	GOTO       _EXIT1
;__Lib_Math.c,1836 :: 		
0x001C	0x0874      	MOVF       R4, 0
;__Lib_Math.c,1837 :: 		
0x001D	0x07F8      	ADDWF      R8, 1
;__Lib_Math.c,1838 :: 		
0x001E	0x0875      	MOVF       R5, 0
;__Lib_Math.c,1839 :: 		
0x001F	0x1803      	BTFSC      STATUS, 0
;__Lib_Math.c,1840 :: 		
0x0020	0x0F75      	INCFSZ     R5, 0
;__Lib_Math.c,1841 :: 		
0x0021	0x07F9      	ADDWF      R9, 1
;__Lib_Math.c,1842 :: 		
0x0022	0x0876      	MOVF       R6, 0
;__Lib_Math.c,1843 :: 		
0x0023	0x1803      	BTFSC      STATUS, 0
;__Lib_Math.c,1844 :: 		
0x0024	0x0F76      	INCFSZ     R6, 0
;__Lib_Math.c,1845 :: 		
0x0025	0x07FA      	ADDWF      R10, 1
;__Lib_Math.c,1846 :: 		
0x0026	0x0877      	MOVF       R7, 0
;__Lib_Math.c,1847 :: 		
0x0027	0x1803      	BTFSC      STATUS, 0
;__Lib_Math.c,1848 :: 		
0x0028	0x0F77      	INCFSZ     R7, 0
;__Lib_Math.c,1849 :: 		
0x0029	0x07FB      	ADDWF      R11, 1
;__Lib_Math.c,1851 :: 		
0x002A	0x280F      	GOTO       _LOOP
;__Lib_Math.c,1853 :: 		
_EXIT1:
;__Lib_Math.c,1858 :: 		
0x002B	0x0874      	MOVF       R4, 0
;__Lib_Math.c,1859 :: 		
0x002C	0x07F8      	ADDWF      R8, 1
;__Lib_Math.c,1860 :: 		
0x002D	0x0875      	MOVF       R5, 0
;__Lib_Math.c,1861 :: 		
0x002E	0x1803      	BTFSC      STATUS, 0
;__Lib_Math.c,1862 :: 		
0x002F	0x0F75      	INCFSZ     R5, 0
;__Lib_Math.c,1863 :: 		
0x0030	0x07F9      	ADDWF      R9, 1
;__Lib_Math.c,1864 :: 		
0x0031	0x0876      	MOVF       R6, 0
;__Lib_Math.c,1865 :: 		
0x0032	0x1803      	BTFSC      STATUS, 0
;__Lib_Math.c,1866 :: 		
0x0033	0x0F76      	INCFSZ     R6, 0
;__Lib_Math.c,1867 :: 		
0x0034	0x07FA      	ADDWF      R10, 1
;__Lib_Math.c,1868 :: 		
0x0035	0x0877      	MOVF       R7, 0
;__Lib_Math.c,1869 :: 		
0x0036	0x1803      	BTFSC      STATUS, 0
;__Lib_Math.c,1870 :: 		
0x0037	0x0F77      	INCFSZ     R7, 0
;__Lib_Math.c,1871 :: 		
0x0038	0x07FB      	ADDWF      R11, 1
;__Lib_Math.c,1874 :: 		
_EXIT2:
;__Lib_Math.c,1876 :: 		
0x0039	0x0008      	RETURN
; end of _Mul_32x32_U
_srand:
;__Lib_CStdlib.c,301 :: 		
;__Lib_CStdlib.c,302 :: 		
0x003A	0x1283      	BCF        STATUS, 5
0x003B	0x1303      	BCF        STATUS, 6
0x003C	0x0831      	MOVF       FARG_srand_x, 0
0x003D	0x00A2      	MOVWF      __Lib_CStdlib_randx
0x003E	0x0832      	MOVF       FARG_srand_x+1, 0
0x003F	0x00A3      	MOVWF      __Lib_CStdlib_randx+1
0x0040	0x01A4      	CLRF       __Lib_CStdlib_randx+2
0x0041	0x01A5      	CLRF       __Lib_CStdlib_randx+3
;__Lib_CStdlib.c,303 :: 		
0x0042	0x3001      	MOVLW      1
0x0043	0x00A6      	MOVWF      __Lib_CStdlib_randf
;__Lib_CStdlib.c,304 :: 		
0x0044	0x0008      	RETURN
; end of _srand
_____DoICP:
;__Lib_System.c,6 :: 		
;__Lib_System.c,9 :: 		
0x0045	0x1283      	BCF        STATUS, 5
0x0046	0x1303      	BCF        STATUS, 6
0x0047	0x0821      	MOVF       ___DoICPAddr+1, 0
0x0048	0x008A      	MOVWF      PCLATH
;__Lib_System.c,10 :: 		
0x0049	0x0820      	MOVF       ___DoICPAddr, 0
0x004A	0x0082      	MOVWF      PCL
;__Lib_System.c,12 :: 		
0x004B	0x0008      	RETURN
; end of _____DoICP
_rand:
;__Lib_CStdlib.c,307 :: 		
;__Lib_CStdlib.c,308 :: 		
0x004C	0x1283      	BCF        STATUS, 5
0x004D	0x1303      	BCF        STATUS, 6
0x004E	0x0826      	MOVF       __Lib_CStdlib_randf, 0
0x004F	0x1D03      	BTFSS      STATUS, 2
0x0050	0x2856      	GOTO       L_rand75
;__Lib_CStdlib.c,309 :: 		
0x0051	0x3001      	MOVLW      1
0x0052	0x00B1      	MOVWF      FARG_srand_x
0x0053	0x3000      	MOVLW      0
0x0054	0x00B2      	MOVWF      FARG_srand_x+1
0x0055	0x203A      	CALL       _srand
L_rand75:
;__Lib_CStdlib.c,310 :: 		
0x0056	0x0822      	MOVF       __Lib_CStdlib_randx, 0
0x0057	0x00F0      	MOVWF      R0
0x0058	0x0823      	MOVF       __Lib_CStdlib_randx+1, 0
0x0059	0x00F1      	MOVWF      R0+1
0x005A	0x0824      	MOVF       __Lib_CStdlib_randx+2, 0
0x005B	0x00F2      	MOVWF      R0+2
0x005C	0x0825      	MOVF       __Lib_CStdlib_randx+3, 0
0x005D	0x00F3      	MOVWF      R0+3
0x005E	0x306D      	MOVLW      109
0x005F	0x00F4      	MOVWF      R4
0x0060	0x304E      	MOVLW      78
0x0061	0x00F5      	MOVWF      R4+1
0x0062	0x30C6      	MOVLW      198
0x0063	0x00F6      	MOVWF      R4+2
0x0064	0x3041      	MOVLW      65
0x0065	0x00F7      	MOVWF      R4+3
0x0066	0x2003      	CALL       _Mul_32x32_U
0x0067	0x3039      	MOVLW      57
0x0068	0x00F5      	MOVWF      R5
0x0069	0x3030      	MOVLW      48
0x006A	0x00F6      	MOVWF      R5+1
0x006B	0x01F7      	CLRF       R5+2
0x006C	0x01F8      	CLRF       R5+3
0x006D	0x0870      	MOVF       R0, 0
0x006E	0x07F5      	ADDWF      R5, 1
0x006F	0x0871      	MOVF       R0+1, 0
0x0070	0x1803      	BTFSC      STATUS, 0
0x0071	0x0F71      	INCFSZ     R0+1, 0
0x0072	0x07F6      	ADDWF      R5+1, 1
0x0073	0x0872      	MOVF       R0+2, 0
0x0074	0x1803      	BTFSC      STATUS, 0
0x0075	0x0F72      	INCFSZ     R0+2, 0
0x0076	0x07F7      	ADDWF      R5+2, 1
0x0077	0x0873      	MOVF       R0+3, 0
0x0078	0x1803      	BTFSC      STATUS, 0
0x0079	0x0F73      	INCFSZ     R0+3, 0
0x007A	0x07F8      	ADDWF      R5+3, 1
0x007B	0x0877      	MOVF       R5+2, 0
0x007C	0x00F0      	MOVWF      R0
0x007D	0x0878      	MOVF       R5+3, 0
0x007E	0x00F1      	MOVWF      R0+1
0x007F	0x3000      	MOVLW      0
0x0080	0x1BF8      	BTFSC      R5+3, 7
0x0081	0x30FF      	MOVLW      255
0x0082	0x00F3      	MOVWF      R0+3
0x0083	0x30FF      	MOVLW      255
0x0084	0x05F0      	ANDWF      R0, 1
0x0085	0x307F      	MOVLW      127
0x0086	0x05F1      	ANDWF      R0+1, 1
0x0087	0x3000      	MOVLW      0
0x0088	0x05F2      	ANDWF      R0+2, 1
0x0089	0x05F3      	ANDWF      R0+3, 1
0x008A	0x0870      	MOVF       R0, 0
0x008B	0x00A2      	MOVWF      __Lib_CStdlib_randx
0x008C	0x0871      	MOVF       R0+1, 0
0x008D	0x00A3      	MOVWF      __Lib_CStdlib_randx+1
0x008E	0x0872      	MOVF       R0+2, 0
0x008F	0x00A4      	MOVWF      __Lib_CStdlib_randx+2
0x0090	0x0873      	MOVF       R0+3, 0
0x0091	0x00A5      	MOVWF      __Lib_CStdlib_randx+3
;__Lib_CStdlib.c,311 :: 		
;__Lib_CStdlib.c,312 :: 		
0x0092	0x0008      	RETURN
; end of _rand
___CC2DW:
;__Lib_System.c,24 :: 		
;__Lib_System.c,27 :: 		
_CC2D_Loop1:
;__Lib_System.c,29 :: 		
0x0093	0x2045      	CALL       _____DoICP
0x0094	0x118A      	BCF        PCLATH, 3
0x0095	0x120A      	BCF        PCLATH, 4
;__Lib_System.c,31 :: 		
0x0096	0x0080      	MOVWF      INDF
;__Lib_System.c,32 :: 		
0x0097	0x0A84      	INCF       FSR, 1
;__Lib_System.c,33 :: 		
0x0098	0x0AA0      	INCF       ___DoICPAddr, 1
;__Lib_System.c,35 :: 		
0x0099	0x1903      	BTFSC      STATUS, 2
;__Lib_System.c,36 :: 		
0x009A	0x0AA1      	INCF       ___DoICPAddr+1, 1
;__Lib_System.c,37 :: 		
0x009B	0x03F0      	DECF       R0, 1
;__Lib_System.c,39 :: 		
0x009C	0x1D03      	BTFSS      STATUS, 2
;__Lib_System.c,40 :: 		
0x009D	0x2893      	GOTO       _CC2D_Loop1
;__Lib_System.c,42 :: 		
0x009E	0x0008      	RETURN
; end of ___CC2DW
_main:
;projeto.c,6 :: 		void main()
;projeto.c,9 :: 		int A=0,B=0,C=0,D=250,E=0,F=0;//variaveis que fazem o jogo rodar
0x009F	0x1283      	BCF        STATUS, 5
0x00A0	0x1303      	BCF        STATUS, 6
0x00A1	0x01A7      	CLRF       main_A_L0
0x00A2	0x01A8      	CLRF       main_A_L0+1
0x00A3	0x01A9      	CLRF       main_C_L0
0x00A4	0x01AA      	CLRF       main_C_L0+1
0x00A5	0x30FA      	MOVLW      250
0x00A6	0x00AB      	MOVWF      main_D_L0
0x00A7	0x3000      	MOVLW      0
0x00A8	0x00AC      	MOVWF      main_D_L0+1
0x00A9	0x01AD      	CLRF       main_E_L0
0x00AA	0x01AE      	CLRF       main_E_L0+1
0x00AB	0x01AF      	CLRF       main_F_L0
0x00AC	0x01B0      	CLRF       main_F_L0+1
;projeto.c,10 :: 		CMCON0 = 0x07;//desliga comparadores
0x00AD	0x3007      	MOVLW      7
0x00AE	0x0099      	MOVWF      CMCON0
;projeto.c,11 :: 		ANSEL = 0;//desliga portas analogicas
0x00AF	0x1683      	BSF        STATUS, 5
0x00B0	0x0191      	CLRF       ANSEL
;projeto.c,12 :: 		TRISA = 0b110000;//seta RA4-5 com entrada e o resto saida
0x00B1	0x3030      	MOVLW      48
0x00B2	0x0085      	MOVWF      TRISA
;projeto.c,13 :: 		TRISC = 1;
0x00B3	0x3001      	MOVLW      1
0x00B4	0x0087      	MOVWF      TRISC
;projeto.c,15 :: 		while (1)//loop infinito
L_main0:
;projeto.c,17 :: 		F=0;//erro macanico dos botões
0x00B5	0x1283      	BCF        STATUS, 5
0x00B6	0x01AF      	CLRF       main_F_L0
0x00B7	0x01B0      	CLRF       main_F_L0+1
;projeto.c,18 :: 		D--;//faz o tempo de acionamento ficar menor
0x00B8	0x3001      	MOVLW      1
0x00B9	0x02AB      	SUBWF      main_D_L0, 1
0x00BA	0x1C03      	BTFSS      STATUS, 0
0x00BB	0x03AC      	DECF       main_D_L0+1, 1
;projeto.c,19 :: 		C=0;//quando chegar a a D o player perde
0x00BC	0x01A9      	CLRF       main_C_L0
0x00BD	0x01AA      	CLRF       main_C_L0+1
;projeto.c,20 :: 		E=0;//tempo de Derrota
0x00BE	0x01AD      	CLRF       main_E_L0
0x00BF	0x01AE      	CLRF       main_E_L0+1
;projeto.c,21 :: 		A = rand();//valor aleatorio para A
0x00C0	0x204C      	CALL       _rand
0x00C1	0x0870      	MOVF       R0, 0
0x00C2	0x00A7      	MOVWF      main_A_L0
0x00C3	0x0871      	MOVF       R0+1, 0
0x00C4	0x00A8      	MOVWF      main_A_L0+1
;projeto.c,22 :: 		B = rand();//valor aleatorio para A
0x00C5	0x204C      	CALL       _rand
;projeto.c,23 :: 		led1 = A;//valor aleatorio acende ou não led1
0x00C6	0x1827      	BTFSC      main_A_L0, 0
0x00C7	0x28CA      	GOTO       L__main58
0x00C8	0x1005      	BCF        RA0_bit, 0
0x00C9	0x28CB      	GOTO       L__main59
L__main58:
0x00CA	0x1405      	BSF        RA0_bit, 0
L__main59:
;projeto.c,24 :: 		led2 = B;//valor aleatorio acende ou não led1
0x00CB	0x1870      	BTFSC      R0, 0
0x00CC	0x28CF      	GOTO       L__main60
0x00CD	0x1085      	BCF        RA1_bit, 1
0x00CE	0x28D0      	GOTO       L__main61
L__main60:
0x00CF	0x1485      	BSF        RA1_bit, 1
L__main61:
;projeto.c,26 :: 		while(led1==1 && !led2==1)
L_main2:
0x00D0	0x1C05      	BTFSS      RA0_bit, 0
0x00D1	0x28FD      	GOTO       L_main3
0x00D2	0x1885      	BTFSC      RA1_bit, 1
0x00D3	0x28FD      	GOTO       L_main3
L__main57:
;projeto.c,28 :: 		delay_ms(10);//delay para dar como reflexo
0x00D4	0x301A      	MOVLW      26
0x00D5	0x00FC      	MOVWF      R12
0x00D6	0x30F8      	MOVLW      248
0x00D7	0x00FD      	MOVWF      R13
L_main6:
0x00D8	0x0BFD      	DECFSZ     R13, 1
0x00D9	0x28D8      	GOTO       L_main6
0x00DA	0x0BFC      	DECFSZ     R12, 1
0x00DB	0x28D8      	GOTO       L_main6
0x00DC	0x0000      	NOP
;projeto.c,29 :: 		c++;//quando chegar a D o player perde
0x00DD	0x0AA9      	INCF       main_C_L0, 1
0x00DE	0x1903      	BTFSC      STATUS, 2
0x00DF	0x0AAA      	INCF       main_C_L0+1, 1
;projeto.c,30 :: 		if(s1==0 && !s2==0)//se apertar o botão 1 ganha
0x00E0	0x1907      	BTFSC      RC2_bit, 2
0x00E1	0x28ED      	GOTO       L_main9
0x00E2	0x1C87      	BTFSS      RC1_bit, 1
0x00E3	0x28ED      	GOTO       L_main9
L__main56:
;projeto.c,32 :: 		led1 = 0;//reseta o led1
0x00E4	0x1005      	BCF        RA0_bit, 0
;projeto.c,33 :: 		delay_ms(90);//evita ruidos
0x00E5	0x30EA      	MOVLW      234
0x00E6	0x00FC      	MOVWF      R12
0x00E7	0x30C3      	MOVLW      195
0x00E8	0x00FD      	MOVWF      R13
L_main10:
0x00E9	0x0BFD      	DECFSZ     R13, 1
0x00EA	0x28E9      	GOTO       L_main10
0x00EB	0x0BFC      	DECFSZ     R12, 1
0x00EC	0x28E9      	GOTO       L_main10
;projeto.c,34 :: 		}
L_main9:
;projeto.c,35 :: 		if(s2==0)//se apertar o botão 2 perde
0x00ED	0x1887      	BTFSC      RC1_bit, 1
0x00EE	0x28F3      	GOTO       L_main11
;projeto.c,37 :: 		C=D;
0x00EF	0x082B      	MOVF       main_D_L0, 0
0x00F0	0x00A9      	MOVWF      main_C_L0
0x00F1	0x082C      	MOVF       main_D_L0+1, 0
0x00F2	0x00AA      	MOVWF      main_C_L0+1
;projeto.c,38 :: 		}
L_main11:
;projeto.c,39 :: 		if(C==D)//demorou muito para apertar
0x00F3	0x082A      	MOVF       main_C_L0+1, 0
0x00F4	0x062C      	XORWF      main_D_L0+1, 0
0x00F5	0x1D03      	BTFSS      STATUS, 2
0x00F6	0x28F9      	GOTO       L__main62
0x00F7	0x082B      	MOVF       main_D_L0, 0
0x00F8	0x0629      	XORWF      main_C_L0, 0
L__main62:
0x00F9	0x1D03      	BTFSS      STATUS, 2
0x00FA	0x28FC      	GOTO       L_main12
;projeto.c,41 :: 		led1 = 0;//reseta o led1
0x00FB	0x1005      	BCF        RA0_bit, 0
;projeto.c,42 :: 		}
L_main12:
;projeto.c,43 :: 		}
0x00FC	0x28D0      	GOTO       L_main2
L_main3:
;projeto.c,45 :: 		while(led2==1 && !led1==1)
L_main13:
0x00FD	0x1C85      	BTFSS      RA1_bit, 1
0x00FE	0x292A      	GOTO       L_main14
0x00FF	0x1805      	BTFSC      RA0_bit, 0
0x0100	0x292A      	GOTO       L_main14
L__main55:
;projeto.c,47 :: 		delay_ms(10);
0x0101	0x301A      	MOVLW      26
0x0102	0x00FC      	MOVWF      R12
0x0103	0x30F8      	MOVLW      248
0x0104	0x00FD      	MOVWF      R13
L_main17:
0x0105	0x0BFD      	DECFSZ     R13, 1
0x0106	0x2905      	GOTO       L_main17
0x0107	0x0BFC      	DECFSZ     R12, 1
0x0108	0x2905      	GOTO       L_main17
0x0109	0x0000      	NOP
;projeto.c,48 :: 		c++;//quando chegar a D o player perde
0x010A	0x0AA9      	INCF       main_C_L0, 1
0x010B	0x1903      	BTFSC      STATUS, 2
0x010C	0x0AAA      	INCF       main_C_L0+1, 1
;projeto.c,49 :: 		if(s2==0 && !s1==0)//se apertar o botão 2 ganha
0x010D	0x1887      	BTFSC      RC1_bit, 1
0x010E	0x291A      	GOTO       L_main20
0x010F	0x1D07      	BTFSS      RC2_bit, 2
0x0110	0x291A      	GOTO       L_main20
L__main54:
;projeto.c,51 :: 		led2 = 0;//reseta o led2
0x0111	0x1085      	BCF        RA1_bit, 1
;projeto.c,52 :: 		delay_ms(90);
0x0112	0x30EA      	MOVLW      234
0x0113	0x00FC      	MOVWF      R12
0x0114	0x30C3      	MOVLW      195
0x0115	0x00FD      	MOVWF      R13
L_main21:
0x0116	0x0BFD      	DECFSZ     R13, 1
0x0117	0x2916      	GOTO       L_main21
0x0118	0x0BFC      	DECFSZ     R12, 1
0x0119	0x2916      	GOTO       L_main21
;projeto.c,53 :: 		}
L_main20:
;projeto.c,54 :: 		if(s1==0)//se apertar o botão 1 perde
0x011A	0x1907      	BTFSC      RC2_bit, 2
0x011B	0x2920      	GOTO       L_main22
;projeto.c,56 :: 		C=D;
0x011C	0x082B      	MOVF       main_D_L0, 0
0x011D	0x00A9      	MOVWF      main_C_L0
0x011E	0x082C      	MOVF       main_D_L0+1, 0
0x011F	0x00AA      	MOVWF      main_C_L0+1
;projeto.c,57 :: 		}
L_main22:
;projeto.c,58 :: 		if(C==D)//demorou muito para apertar
0x0120	0x082A      	MOVF       main_C_L0+1, 0
0x0121	0x062C      	XORWF      main_D_L0+1, 0
0x0122	0x1D03      	BTFSS      STATUS, 2
0x0123	0x2926      	GOTO       L__main63
0x0124	0x082B      	MOVF       main_D_L0, 0
0x0125	0x0629      	XORWF      main_C_L0, 0
L__main63:
0x0126	0x1D03      	BTFSS      STATUS, 2
0x0127	0x2929      	GOTO       L_main23
;projeto.c,60 :: 		led2 = 0;//reseta o led2
0x0128	0x1085      	BCF        RA1_bit, 1
;projeto.c,61 :: 		}
L_main23:
;projeto.c,62 :: 		}
0x0129	0x28FD      	GOTO       L_main13
L_main14:
;projeto.c,64 :: 		while(led1 == 1 && led2 == 1)
L_main24:
0x012A	0x1C05      	BTFSS      RA0_bit, 0
0x012B	0x2979      	GOTO       L_main25
0x012C	0x1C85      	BTFSS      RA1_bit, 1
0x012D	0x2979      	GOTO       L_main25
L__main53:
;projeto.c,66 :: 		delay_ms(10);
0x012E	0x301A      	MOVLW      26
0x012F	0x00FC      	MOVWF      R12
0x0130	0x30F8      	MOVLW      248
0x0131	0x00FD      	MOVWF      R13
L_main28:
0x0132	0x0BFD      	DECFSZ     R13, 1
0x0133	0x2932      	GOTO       L_main28
0x0134	0x0BFC      	DECFSZ     R12, 1
0x0135	0x2932      	GOTO       L_main28
0x0136	0x0000      	NOP
;projeto.c,67 :: 		c++;//quando chegar a D o player perde
0x0137	0x0AA9      	INCF       main_C_L0, 1
0x0138	0x1903      	BTFSC      STATUS, 2
0x0139	0x0AAA      	INCF       main_C_L0+1, 1
;projeto.c,68 :: 		if(s1==0 && s2==0)//se apertar o botão 1 e 2 ganha
0x013A	0x1907      	BTFSC      RC2_bit, 2
0x013B	0x2948      	GOTO       L_main31
0x013C	0x1887      	BTFSC      RC1_bit, 1
0x013D	0x2948      	GOTO       L_main31
L__main52:
;projeto.c,70 :: 		led1 = 0;//reseta o led1
0x013E	0x1005      	BCF        RA0_bit, 0
;projeto.c,71 :: 		led2 = 0;//reseta o led2
0x013F	0x1085      	BCF        RA1_bit, 1
;projeto.c,72 :: 		delay_ms(90);
0x0140	0x30EA      	MOVLW      234
0x0141	0x00FC      	MOVWF      R12
0x0142	0x30C3      	MOVLW      195
0x0143	0x00FD      	MOVWF      R13
L_main32:
0x0144	0x0BFD      	DECFSZ     R13, 1
0x0145	0x2944      	GOTO       L_main32
0x0146	0x0BFC      	DECFSZ     R12, 1
0x0147	0x2944      	GOTO       L_main32
;projeto.c,73 :: 		}
L_main31:
;projeto.c,74 :: 		if(s1==1 && !s2==1)//se apertar o botão 2 perde
0x0148	0x1D07      	BTFSS      RC2_bit, 2
0x0149	0x295B      	GOTO       L_main35
0x014A	0x1887      	BTFSC      RC1_bit, 1
0x014B	0x295B      	GOTO       L_main35
L__main51:
;projeto.c,76 :: 		if(F==5)
0x014C	0x3000      	MOVLW      0
0x014D	0x0630      	XORWF      main_F_L0+1, 0
0x014E	0x1D03      	BTFSS      STATUS, 2
0x014F	0x2952      	GOTO       L__main64
0x0150	0x3005      	MOVLW      5
0x0151	0x062F      	XORWF      main_F_L0, 0
L__main64:
0x0152	0x1D03      	BTFSS      STATUS, 2
0x0153	0x2958      	GOTO       L_main36
;projeto.c,77 :: 		{C=D;}
0x0154	0x082B      	MOVF       main_D_L0, 0
0x0155	0x00A9      	MOVWF      main_C_L0
0x0156	0x082C      	MOVF       main_D_L0+1, 0
0x0157	0x00AA      	MOVWF      main_C_L0+1
L_main36:
;projeto.c,78 :: 		F++;
0x0158	0x0AAF      	INCF       main_F_L0, 1
0x0159	0x1903      	BTFSC      STATUS, 2
0x015A	0x0AB0      	INCF       main_F_L0+1, 1
;projeto.c,79 :: 		}
L_main35:
;projeto.c,80 :: 		if(s2==1 && !s1==1)//se apertar o botão 1 perde
0x015B	0x1C87      	BTFSS      RC1_bit, 1
0x015C	0x296E      	GOTO       L_main39
0x015D	0x1907      	BTFSC      RC2_bit, 2
0x015E	0x296E      	GOTO       L_main39
L__main50:
;projeto.c,82 :: 		if(F==5)
0x015F	0x3000      	MOVLW      0
0x0160	0x0630      	XORWF      main_F_L0+1, 0
0x0161	0x1D03      	BTFSS      STATUS, 2
0x0162	0x2965      	GOTO       L__main65
0x0163	0x3005      	MOVLW      5
0x0164	0x062F      	XORWF      main_F_L0, 0
L__main65:
0x0165	0x1D03      	BTFSS      STATUS, 2
0x0166	0x296B      	GOTO       L_main40
;projeto.c,83 :: 		{C=D;}
0x0167	0x082B      	MOVF       main_D_L0, 0
0x0168	0x00A9      	MOVWF      main_C_L0
0x0169	0x082C      	MOVF       main_D_L0+1, 0
0x016A	0x00AA      	MOVWF      main_C_L0+1
L_main40:
;projeto.c,84 :: 		F++;
0x016B	0x0AAF      	INCF       main_F_L0, 1
0x016C	0x1903      	BTFSC      STATUS, 2
0x016D	0x0AB0      	INCF       main_F_L0+1, 1
;projeto.c,85 :: 		}
L_main39:
;projeto.c,86 :: 		if(C==D)//demorou muito para apertar
0x016E	0x082A      	MOVF       main_C_L0+1, 0
0x016F	0x062C      	XORWF      main_D_L0+1, 0
0x0170	0x1D03      	BTFSS      STATUS, 2
0x0171	0x2974      	GOTO       L__main66
0x0172	0x082B      	MOVF       main_D_L0, 0
0x0173	0x0629      	XORWF      main_C_L0, 0
L__main66:
0x0174	0x1D03      	BTFSS      STATUS, 2
0x0175	0x2978      	GOTO       L_main41
;projeto.c,88 :: 		led1 = 0;//reseta o led1
0x0176	0x1005      	BCF        RA0_bit, 0
;projeto.c,89 :: 		led2 = 0;//reseta o led2
0x0177	0x1085      	BCF        RA1_bit, 1
;projeto.c,90 :: 		}
L_main41:
;projeto.c,91 :: 		}
0x0178	0x292A      	GOTO       L_main24
L_main25:
;projeto.c,93 :: 		while(C==D && E<10)
L_main42:
0x0179	0x082A      	MOVF       main_C_L0+1, 0
0x017A	0x062C      	XORWF      main_D_L0+1, 0
0x017B	0x1D03      	BTFSS      STATUS, 2
0x017C	0x297F      	GOTO       L__main67
0x017D	0x082B      	MOVF       main_D_L0, 0
0x017E	0x0629      	XORWF      main_C_L0, 0
L__main67:
0x017F	0x1D03      	BTFSS      STATUS, 2
0x0180	0x29AB      	GOTO       L_main43
0x0181	0x3080      	MOVLW      128
0x0182	0x062E      	XORWF      main_E_L0+1, 0
0x0183	0x00F0      	MOVWF      R0
0x0184	0x3080      	MOVLW      128
0x0185	0x0270      	SUBWF      R0, 0
0x0186	0x1D03      	BTFSS      STATUS, 2
0x0187	0x298A      	GOTO       L__main68
0x0188	0x300A      	MOVLW      10
0x0189	0x022D      	SUBWF      main_E_L0, 0
L__main68:
0x018A	0x1803      	BTFSC      STATUS, 0
0x018B	0x29AB      	GOTO       L_main43
L__main49:
;projeto.c,95 :: 		led1 = 1;
0x018C	0x1405      	BSF        RA0_bit, 0
;projeto.c,96 :: 		led2 = 1;
0x018D	0x1485      	BSF        RA1_bit, 1
;projeto.c,97 :: 		delay_ms(50);
0x018E	0x3082      	MOVLW      130
0x018F	0x00FC      	MOVWF      R12
0x0190	0x30DD      	MOVLW      221
0x0191	0x00FD      	MOVWF      R13
L_main46:
0x0192	0x0BFD      	DECFSZ     R13, 1
0x0193	0x2992      	GOTO       L_main46
0x0194	0x0BFC      	DECFSZ     R12, 1
0x0195	0x2992      	GOTO       L_main46
0x0196	0x0000      	NOP
0x0197	0x0000      	NOP
;projeto.c,98 :: 		led1 = 0;
0x0198	0x1005      	BCF        RA0_bit, 0
;projeto.c,99 :: 		led2 = 0;
0x0199	0x1085      	BCF        RA1_bit, 1
;projeto.c,100 :: 		delay_ms(100);
0x019A	0x3002      	MOVLW      2
0x019B	0x00FB      	MOVWF      R11
0x019C	0x3004      	MOVLW      4
0x019D	0x00FC      	MOVWF      R12
0x019E	0x30BA      	MOVLW      186
0x019F	0x00FD      	MOVWF      R13
L_main47:
0x01A0	0x0BFD      	DECFSZ     R13, 1
0x01A1	0x29A0      	GOTO       L_main47
0x01A2	0x0BFC      	DECFSZ     R12, 1
0x01A3	0x29A0      	GOTO       L_main47
0x01A4	0x0BFB      	DECFSZ     R11, 1
0x01A5	0x29A0      	GOTO       L_main47
0x01A6	0x0000      	NOP
;projeto.c,101 :: 		E++;
0x01A7	0x0AAD      	INCF       main_E_L0, 1
0x01A8	0x1903      	BTFSC      STATUS, 2
0x01A9	0x0AAE      	INCF       main_E_L0+1, 1
;projeto.c,102 :: 		}
0x01AA	0x2979      	GOTO       L_main42
L_main43:
;projeto.c,104 :: 		if(E==10)
0x01AB	0x3000      	MOVLW      0
0x01AC	0x062E      	XORWF      main_E_L0+1, 0
0x01AD	0x1D03      	BTFSS      STATUS, 2
0x01AE	0x29B1      	GOTO       L__main69
0x01AF	0x300A      	MOVLW      10
0x01B0	0x062D      	XORWF      main_E_L0, 0
L__main69:
0x01B1	0x1D03      	BTFSS      STATUS, 2
0x01B2	0x29B6      	GOTO       L_main48
;projeto.c,105 :: 		{D=250;}
0x01B3	0x30FA      	MOVLW      250
0x01B4	0x00AB      	MOVWF      main_D_L0
0x01B5	0x01AC      	CLRF       main_D_L0+1
L_main48:
;projeto.c,107 :: 		}//fim do loop
0x01B6	0x28B5      	GOTO       L_main0
;projeto.c,108 :: 		}//fim do programa
0x01B7	0x29B7      	GOTO       $+0
; end of _main
Symbol List:
//** Routines locations **
//ADDRESS    SIZE    PROCEDURE
//----------------------------------------------
0x0003      [55]    _Mul_32x32_U
0x003A      [11]    _srand
0x0045       [7]    _____DoICP
0x004C      [71]    _rand
0x0093      [12]    ___CC2DW
0x009F     [281]    _main
//** Variables locations ** 
//ADDRESS    SIZE    VARIABLE
//----------------------------------------------
0x0000       [1]    INDF
0x0001       [1]    TMR0
0x0002       [1]    PCL
0x0003       [0]    NOT_PD_bit
0x0003       [0]    NOT_TO_bit
0x0003       [0]    RP0_bit
0x0003       [0]    Z_bit
0x0003       [0]    C_bit
0x0003       [0]    DC_bit
0x0003       [0]    RP1_bit
0x0003       [1]    STATUS
0x0003       [0]    IRP_bit
0x0004       [1]    FSRPTR
0x0004       [1]    FSR
0x0005       [1]    PORTA
0x0005       [0]    RA5_bit
0x0005       [0]    RA2_bit
0x0005       [0]    RA1_bit
0x0005       [0]    RA3_bit
0x0005       [0]    RA0_bit
0x0005       [0]    RA4_bit
0x0007       [1]    PORTC
0x0007       [0]    RC4_bit
0x0007       [0]    RC1_bit
0x0007       [0]    RC0_bit
0x0007       [0]    RC2_bit
0x0007       [0]    RC3_bit
0x0007       [0]    RC5_bit
0x000A       [1]    PCLATH
0x000B       [1]    INTCON
0x000B       [0]    T0IE_bit
0x000B       [0]    INTE_bit
0x000B       [0]    GIE_bit
0x000B       [0]    PEIE_bit
0x000B       [0]    INTF_bit
0x000B       [0]    RAIF_bit
0x000B       [0]    RAIE_bit
0x000B       [0]    T0IF_bit
0x000C       [0]    OSFIF_bit
0x000C       [0]    C1IF_bit
0x000C       [0]    T1IF_bit
0x000C       [0]    TXIF_bit
0x000C       [0]    C2IF_bit
0x000C       [0]    EEIF_bit
0x000C       [1]    PIR1
0x000C       [0]    RCIF_bit
0x000C       [0]    ADIF_bit
0x000C       [0]    TMR1IF_bit
0x000E       [1]    TMR1L
0x000F       [1]    TMR1H
0x0010       [0]    T1CKPS0_bit
0x0010       [0]    T1CKPS1_bit
0x0010       [1]    T1CON
0x0010       [0]    T1OSCEN_bit
0x0010       [0]    T1GINV_bit
0x0010       [0]    TMR1ON_bit
0x0010       [0]    TMR1CS_bit
0x0010       [0]    TMR1GE_bit
0x0010       [0]    NOT_T1SYNC_bit
0x0011       [0]    BRG16_bit
0x0011       [0]    SCKP_bit
0x0011       [0]    WUE_bit
0x0011       [1]    BAUDCTL
0x0011       [0]    ABDEN_bit
0x0011       [0]    RCIDL_bit
0x0011       [0]    ABDOVF_bit
0x0012       [1]    SPBRGH
0x0013       [1]    SPBRG
0x0014       [1]    RCREG
0x0015       [1]    TXREG
0x0016       [0]    TRMT_bit
0x0016       [0]    BRGH_bit
0x0016       [0]    TX9D_bit
0x0016       [1]    TXSTA
0x0016       [0]    SENDB_bit
0x0016       [0]    TX9_bit
0x0016       [0]    CSRC_bit
0x0016       [0]    SYNC_bit
0x0016       [0]    TXEN_bit
0x0017       [0]    FERR_bit
0x0017       [0]    ADDEN_bit
0x0017       [0]    CREN_bit
0x0017       [0]    RX9D_bit
0x0017       [0]    OERR_bit
0x0017       [1]    RCSTA
0x0017       [0]    RX9_bit
0x0017       [0]    SPEN_bit
0x0017       [0]    SREN_bit
0x0018       [0]    SWDTEN_bit
0x0018       [0]    WDTPS0_bit
0x0018       [0]    WDTPS1_bit
0x0018       [1]    WDTCON
0x0018       [0]    WDTPS2_bit
0x0018       [0]    WDTPS3_bit
0x0019       [1]    CMCON0
0x0019       [0]    CM2_bit
0x0019       [0]    CIS_bit
0x0019       [0]    C2OUT_bit
0x0019       [0]    C2INV_bit
0x0019       [0]    C1OUT_bit
0x0019       [0]    CM1_bit
0x0019       [0]    CM0_bit
0x0019       [0]    C1INV_bit
0x001A       [0]    C2SYNC_bit
0x001A       [0]    T1GSS_bit
0x001A       [1]    CMCON1
0x001E       [1]    ADRESH
0x001F       [0]    NOT_DONE_bit
0x001F       [0]    CHS2_bit
0x001F       [0]    CHS1_bit
0x001F       [0]    GO_bit
0x001F       [0]    CHS0_bit
0x001F       [0]    VCFG_bit
0x001F       [0]    ADFM_bit
0x001F       [0]    ADON_bit
0x001F       [0]    GO_DONE_bit
0x001F       [1]    ADCON0
0x0020       [2]    ___DoICPAddr
0x0022       [4]    __Lib_CStdlib_randx
0x0026       [1]    __Lib_CStdlib_randf
0x0027       [2]    main_A_L0
0x0029       [2]    main_C_L0
0x002B       [2]    main_D_L0
0x002D       [2]    main_E_L0
0x002F       [2]    main_F_L0
0x0031       [2]    FARG_srand_x
0x0070       [1]    R0
0x0071       [1]    R1
0x0072       [1]    R2
0x0073       [1]    R3
0x0074       [1]    R4
0x0075       [1]    R5
0x0076       [1]    R6
0x0077       [1]    R7
0x0078       [1]    R8
0x0079       [1]    R9
0x007A       [1]    R10
0x007B       [1]    R11
0x007C       [1]    R12
0x007D       [1]    R13
0x007E       [1]    R14
0x007F       [1]    R15
0x0081       [1]    OPTION_REG
0x0081       [0]    PSA_bit
0x0081       [0]    NOT_RAPU_bit
0x0081       [0]    T0SE_bit
0x0081       [0]    T0CS_bit
0x0081       [0]    INTEDG_bit
0x0081       [0]    PS2_bit
0x0081       [0]    PS1_bit
0x0081       [0]    PS0_bit
0x0085       [0]    TRISA5_bit
0x0085       [0]    TRISA2_bit
0x0085       [0]    TRISA1_bit
0x0085       [0]    TRISA4_bit
0x0085       [0]    TRISA3_bit
0x0085       [0]    TRISA0_bit
0x0085       [1]    TRISA
0x0087       [0]    TRISC2_bit
0x0087       [0]    TRISC0_bit
0x0087       [0]    TRISC1_bit
0x0087       [1]    TRISC
0x0087       [0]    TRISC4_bit
0x0087       [0]    TRISC3_bit
0x0087       [0]    TRISC5_bit
0x008C       [0]    TXIE_bit
0x008C       [0]    OSFIE_bit
0x008C       [0]    C1IE_bit
0x008C       [0]    C2IE_bit
0x008C       [0]    TMR1IE_bit
0x008C       [0]    RCIE_bit
0x008C       [1]    PIE1
0x008C       [0]    EEIE_bit
0x008C       [0]    ADIE_bit
0x008C       [0]    T1IE_bit
0x008E       [0]    SBODEN_bit
0x008E       [0]    NOT_POR_bit
0x008E       [0]    NOT_BOD_bit
0x008E       [1]    PCON
0x008E       [0]    ULPWUE_bit
0x008F       [0]    OSTS_bit
0x008F       [0]    HTS_bit
0x008F       [0]    IRCF0_bit
0x008F       [1]    OSCCON
0x008F       [0]    SCS_bit
0x008F       [0]    LTS_bit
0x008F       [0]    IRCF1_bit
0x008F       [0]    IRCF2_bit
0x0090       [0]    TUN3_bit
0x0090       [1]    OSCTUNE
0x0090       [0]    TUN4_bit
0x0090       [0]    TUN2_bit
0x0090       [0]    TUN1_bit
0x0090       [0]    TUN0_bit
0x0091       [0]    ANS0_bit
0x0091       [0]    ANS2_bit
0x0091       [0]    ANS6_bit
0x0091       [0]    ANS7_bit
0x0091       [1]    ANSEL
0x0091       [0]    ANS5_bit
0x0091       [0]    ANS4_bit
0x0091       [0]    ANS3_bit
0x0091       [0]    ANS1_bit
0x0095       [0]    WPUA0_bit
0x0095       [1]    WPUA
0x0095       [0]    WPUA5_bit
0x0095       [0]    WPUA2_bit
0x0095       [0]    WPUA4_bit
0x0095       [0]    WPUA1_bit
0x0095       [1]    WPU
0x0096       [0]    IOC3_bit
0x0096       [1]    IOC
0x0096       [1]    IOCA
0x0096       [0]    IOCA5_bit
0x0096       [0]    IOCA0_bit
0x0096       [0]    IOCA1_bit
0x0096       [0]    IOC1_bit
0x0096       [0]    IOC0_bit
0x0096       [0]    IOCA4_bit
0x0096       [0]    IOCA3_bit
0x0096       [0]    IOC5_bit
0x0096       [0]    IOC4_bit
0x0096       [0]    IOC2_bit
0x0096       [0]    IOCA2_bit
0x0097       [1]    EEDATH
0x0098       [1]    EEADRH
0x0099       [1]    VRCON
0x0099       [0]    VR3_bit
0x0099       [0]    VRR_bit
0x0099       [0]    VREN_bit
0x0099       [0]    VR0_bit
0x0099       [0]    VR1_bit
0x0099       [0]    VR2_bit
0x009A       [1]    EEDATA
0x009A       [1]    EEDAT
0x009B       [1]    EEADR
0x009C       [0]    EEPGD_bit
0x009C       [0]    RD_bit
0x009C       [0]    WRERR_bit
0x009C       [0]    WREN_bit
0x009C       [0]    WR_bit
0x009C       [1]    EECON1
0x009D       [1]    EECON2
0x009E       [1]    ADRESL
0x009F       [0]    ADCS1_bit
0x009F       [0]    ADCS2_bit
0x009F       [1]    ADCON1
0x009F       [0]    ADCS0_bit
//** Label List: ** 
//----------------------------------------------
  L_main0
  L_main1
  L_main2
  L_main3
  L_main4
  L_main5
  L_main6
  L_main7
  L_main8
  L_main9
  L_main10
  L_main11
  L_main12
  L_main13
  L_main14
  L_main15
  L_main16
  L_main17
  L_main18
  L_main19
  L_main20
  L_main21
  L_main22
  L_main23
  L_main24
  L_main25
  L_main26
  L_main27
  L_main28
  L_main29
  L_main30
  L_main31
  L_main32
  L_main33
  L_main34
  L_main35
  L_main36
  L_main37
  L_main38
  L_main39
  L_main40
  L_main41
  L_main42
  L_main43
  L_main44
  L_main45
  L_main46
  L_main47
  L_main48
  L__main49
  L__main50
  L__main51
  L__main52
  L__main53
  L__main54
  L__main55
  L__main56
  L__main57
  _main
  L__main58
  L__main59
  L__main60
  L__main61
  L__main62
  L__main63
  L__main64
  L__main65
  L__main66
  L__main67
  L__main68
  L__main69
  L_abs0
  L___Lib_CStdlib_strtod1
  L___Lib_CStdlib_strtod2
  L___Lib_CStdlib_strtod3
  L___Lib_CStdlib_strtod4
  L___Lib_CStdlib_strtod5
  L___Lib_CStdlib_strtod6
  L___Lib_CStdlib_strtod7
  L___Lib_CStdlib_strtod8
  L___Lib_CStdlib_strtod9
  L___Lib_CStdlib_strtod10
  L___Lib_CStdlib_strtod11
  L___Lib_CStdlib_strtod12
  L___Lib_CStdlib_strtod13
  L___Lib_CStdlib_strtod14
  L___Lib_CStdlib_strtod15
  L___Lib_CStdlib_strtod16
  L___Lib_CStdlib_strtod17
  L___Lib_CStdlib_strtod18
  L___Lib_CStdlib_strtod19
  L___Lib_CStdlib_strtod20
  L___Lib_CStdlib_strtod21
  L___Lib_CStdlib_strtod22
  L___Lib_CStdlib_strtod23
  L___Lib_CStdlib_strtod24
  L___Lib_CStdlib_strtod25
  L___Lib_CStdlib_strtod26
  L___Lib_CStdlib_strtod27
  L___Lib_CStdlib_strtod28
  L___Lib_CStdlib_strtod29
  L___Lib_CStdlib_strtod30
  L___Lib_CStdlib_strtod31
  L___Lib_CStdlib_strtod32
  L___Lib_CStdlib_strtod33
  L___Lib_CStdlib_strtod34
  L___Lib_CStdlib_strtod35
  L___Lib_CStdlib_strtod36
  L___Lib_CStdlib_strtod37
  L___Lib_CStdlib_strtod38
  L___Lib_CStdlib_strtod39
  L___Lib_CStdlib_strtod40
  L___Lib_CStdlib_strtod41
  L___Lib_CStdlib_strtod42
  L___Lib_CStdlib_strtod43
  L___Lib_CStdlib_strtod44
  L___Lib_CStdlib_strtod45
  L___Lib_CStdlib_strtod46
  L___Lib_CStdlib_strtod47
  L___Lib_CStdlib_strtod48
  L___Lib_CStdlib_strtod49
  L___Lib_CStdlib_strtod50
  L___Lib_CStdlib_strtod51
  L___Lib_CStdlib_strtod52
  ___atoi_skipws_atoi
  L_atoi53
  L_atoi54
  L_atoi55
  L_atoi56
  L_atoi57
  L_atoi58
  ___atoi_conv_atoi
  L_atoi59
  L_atoi60
  ___atol_skipws_atol
  L_atol61
  L_atol62
  L_atol63
  L_atol64
  L_atol65
  L_atol66
  ___atol_conv_atol
  L_atol67
  L_atol68
  L_div69
  L_ldiv70
  L_uldiv71
  L_labs72
  L_max73
  L_min74
  L_rand75
  L_xtoi76
  L_xtoi77
  L_xtoi78
  L_xtoi79
  L_xtoi80
  L_xtoi81
  L_xtoi82
  L_xtoi83
  L_xtoi84
  L_xtoi85
  L_xtoi86
  L___Lib_CStdlib_strtod87
  L___Lib_CStdlib_strtod88
  L___Lib_CStdlib_strtod89
  L__atoi90
  L__atol91
  _abs
  L__abs92
  __Lib_CStdlib_strtod
  L___Lib_CStdlib_strtod93
  L___Lib_CStdlib_strtod94
  _atof
  _atoi
  L__atoi95
  L__atoi96
  L__atoi97
  L__atoi98
  _atol
  L__atol99
  L__atol100
  _div
  _ldiv
  _uldiv
  _labs
  L__labs101
  _max
  L__max102
  _min
  L__min103
  _srand
  _rand
  _xtoi
  L_Div_16x16_S0
  L_Div_16x16_S1
  LOOPS3232A
  SADD22LA
  SOK22LA
  SADD22L8
  SOK22L8
  LOOPS3232B
  SADD22LB
  SOK22LB
  SADD22L16
  SOK22L16
  LOOPS3232C
  SADD22LC
  SOK22LC
  SADD22L24
  SOK22L24
  LOOPS3232D
  SADD22LD
  SOK22LD
  SOK22L
  L_Div_32x32_S6
  L_Div_32x32_S7
  L_Div_32x32_S8
  L_Div_32x32_S9
  FXD3232S
  END_ALL
  CA3232S
  C3232SX
  C3232SX1
  C3232S
  C3232S2
  C3232SX4
  C3232SOK
  C3232SX3
  C3232SX2
  avoid_comfrem
  LOOPU3232A
  UADD22LA
  UOK22LA
  UADD22L8
  UOK22L8
  LOOPU3232B
  UADD22LB
  UOK22LB
  UADD22L16
  UOK22L16
  LOOPU3232C
  UADD22LC
  UOK22LC
  UADD22L24
  UOK22L24
  LOOPU3232D
  UADD22LD
  UOK22LD
  UOK22L
  _NEXT
  _EXIT2
  _LOOP
  _EXIT1
  _IF_FIRST
  _IF_SECOND
  _INVERCE_FIRST
  _MULT
  _INBERSE_SECOND
  _EXIT
  _Mul_8x8_U
  _Mul_16x16_U
  _Div_8x8_U
  _Div_16x16_U
  _Mul_8x8_S
  _Mul_16x16_S
  _Div_16x16_S_L
  _Div_16x16_S
  _Div_8x8_S
  _SDIV3232L
  _COMFREM
  _Div_32x32_S
  _Div_32x32_U
  _Mul_32x32_U
  _Mul_32x32_S
  _CC2D_Loop1
  _____DoICP
  _____DoIFC
  ___CC2DW
  _Swap
